<?xml version="1.0" encoding="UTF-8"?>
<!-- Generated by org.testng.reporters.JUnitReportReporter -->
<testsuite hostname="DESKTOP-PGU2MM0" failures="0" tests="1" name="pBTestClass.PBTestClass" time="14.470" errors="0" timestamp="2023-07-10T19:42:00 IST" skipped="0">
  <testcase classname="pBTestClass.PBTestClass" name="verifyUserName" time="14.470">
    <system-out>
      <![CDATA[waiting for2000mili sec
Read Data unfrom Properties ]]>
    </system-out>
  </testcase> <!-- verifyUserName -->
  <system-out>
    <![CDATA[waiting for1000mili sec
Luanching the Browser
waiting for2000mili sec
Read Data mobNofrom Properties 
waiting for1000mili sec
waiting for2000mili sec
Read Data pwdfrom Properties 
waiting for1000mili sec
waiting for2000mili sec
waiting for1000mili sec
waiting for2000mili sec
Read Data unfrom Properties 
waiting for2000mili sec
waiting for2000mili sec
waiting for2000mili sec
Closing the Browser]]>
  </system-out>
</testsuite> <!-- pBTestClass.PBTestClass -->
